2016-12-28 13:35:25,581 INFO [org.jasig.cas.services.DefaultServicesManagerImpl] - Loaded 1 services.
2016-12-28 13:35:25,732 WARN [org.jasig.cas.authentication.handler.support.SimpleTestUsernamePasswordAuthenticationHandler] - org.jasig.cas.authentication.handler.support.SimpleTestUsernamePasswordAuthenticationHandler is only to be used in a testing environment.  NEVER enable this in a production environment.
2016-12-28 13:35:26,892 INFO [org.jasig.cas.util.AutowiringSchedulerFactoryBean] - Starting Quartz Scheduler now
2016-12-28 13:35:45,053 INFO [org.jasig.cas.ticket.registry.support.DefaultTicketRegistryCleaner] - Beginning ticket cleanup.
2016-12-28 13:35:45,054 INFO [org.jasig.cas.ticket.registry.support.DefaultTicketRegistryCleaner] - 0 tickets found to be removed.
2016-12-28 13:35:45,054 INFO [org.jasig.cas.ticket.registry.support.DefaultTicketRegistryCleaner] - Finished ticket cleanup.
2016-12-28 13:37:25,639 INFO [org.jasig.cas.services.DefaultServicesManagerImpl] - Reloading registered services.
2016-12-28 13:37:25,640 INFO [org.jasig.cas.services.DefaultServicesManagerImpl] - Loaded 1 services.
2016-12-28 13:39:01,629 INFO [org.jasig.cas.services.DefaultServicesManagerImpl] - Loaded 1 services.
2016-12-28 13:39:01,845 WARN [org.jasig.cas.authentication.handler.support.SimpleTestUsernamePasswordAuthenticationHandler] - org.jasig.cas.authentication.handler.support.SimpleTestUsernamePasswordAuthenticationHandler is only to be used in a testing environment.  NEVER enable this in a production environment.
2016-12-28 13:39:03,205 INFO [org.jasig.cas.util.AutowiringSchedulerFactoryBean] - Starting Quartz Scheduler now
2016-12-28 13:39:21,030 INFO [org.jasig.cas.ticket.registry.support.DefaultTicketRegistryCleaner] - Beginning ticket cleanup.
2016-12-28 13:39:21,031 INFO [org.jasig.cas.ticket.registry.support.DefaultTicketRegistryCleaner] - 0 tickets found to be removed.
2016-12-28 13:39:21,031 INFO [org.jasig.cas.ticket.registry.support.DefaultTicketRegistryCleaner] - Finished ticket cleanup.
2016-12-28 13:41:01,690 INFO [org.jasig.cas.services.DefaultServicesManagerImpl] - Reloading registered services.
2016-12-28 13:41:01,691 INFO [org.jasig.cas.services.DefaultServicesManagerImpl] - Loaded 1 services.
2016-12-28 13:42:24,000 INFO [org.jasig.cas.services.DefaultServicesManagerImpl] - Loaded 1 services.
2016-12-28 13:42:24,193 WARN [org.jasig.cas.authentication.handler.support.SimpleTestUsernamePasswordAuthenticationHandler] - org.jasig.cas.authentication.handler.support.SimpleTestUsernamePasswordAuthenticationHandler is only to be used in a testing environment.  NEVER enable this in a production environment.
2016-12-28 13:42:25,580 INFO [org.jasig.cas.util.AutowiringSchedulerFactoryBean] - Starting Quartz Scheduler now
2016-12-28 13:42:43,441 INFO [org.jasig.cas.ticket.registry.support.DefaultTicketRegistryCleaner] - Beginning ticket cleanup.
2016-12-28 13:42:43,442 INFO [org.jasig.cas.ticket.registry.support.DefaultTicketRegistryCleaner] - 0 tickets found to be removed.
2016-12-28 13:42:43,442 INFO [org.jasig.cas.ticket.registry.support.DefaultTicketRegistryCleaner] - Finished ticket cleanup.
2016-12-28 13:43:38,181 INFO [org.jasig.cas.services.DefaultServicesManagerImpl] - Loaded 1 services.
2016-12-28 13:43:38,449 WARN [org.jasig.cas.authentication.handler.support.SimpleTestUsernamePasswordAuthenticationHandler] - org.jasig.cas.authentication.handler.support.SimpleTestUsernamePasswordAuthenticationHandler is only to be used in a testing environment.  NEVER enable this in a production environment.
2016-12-28 13:43:39,856 INFO [org.jasig.cas.util.AutowiringSchedulerFactoryBean] - Starting Quartz Scheduler now
2016-12-28 13:43:57,536 INFO [org.jasig.cas.ticket.registry.support.DefaultTicketRegistryCleaner] - Beginning ticket cleanup.
2016-12-28 13:43:57,537 INFO [org.jasig.cas.ticket.registry.support.DefaultTicketRegistryCleaner] - 0 tickets found to be removed.
2016-12-28 13:43:57,537 INFO [org.jasig.cas.ticket.registry.support.DefaultTicketRegistryCleaner] - Finished ticket cleanup.
2016-12-28 13:45:38,334 INFO [org.jasig.cas.services.DefaultServicesManagerImpl] - Reloading registered services.
2016-12-28 13:45:38,335 INFO [org.jasig.cas.services.DefaultServicesManagerImpl] - Loaded 1 services.
2016-12-28 13:47:19,387 INFO [org.jasig.cas.services.DefaultServicesManagerImpl] - Loaded 1 services.
2016-12-28 13:47:19,574 WARN [org.jasig.cas.authentication.handler.support.SimpleTestUsernamePasswordAuthenticationHandler] - org.jasig.cas.authentication.handler.support.SimpleTestUsernamePasswordAuthenticationHandler is only to be used in a testing environment.  NEVER enable this in a production environment.
2016-12-28 13:47:20,921 INFO [org.jasig.cas.util.AutowiringSchedulerFactoryBean] - Starting Quartz Scheduler now
2016-12-28 13:47:38,849 INFO [org.jasig.cas.ticket.registry.support.DefaultTicketRegistryCleaner] - Beginning ticket cleanup.
2016-12-28 13:47:38,851 INFO [org.jasig.cas.ticket.registry.support.DefaultTicketRegistryCleaner] - 0 tickets found to be removed.
2016-12-28 13:47:38,851 INFO [org.jasig.cas.ticket.registry.support.DefaultTicketRegistryCleaner] - Finished ticket cleanup.
2016-12-28 13:47:58,078 INFO [org.jasig.cas.web.flow.InitialFlowSetupAction] - Setting path for cookies to: /fset/
2016-12-28 13:47:58,078 INFO [org.jasig.cas.web.flow.InitialFlowSetupAction] - Setting path for cookies to: /fset/
2016-12-28 13:48:46,076 INFO [org.jasig.cas.services.DefaultServicesManagerImpl] - Loaded 1 services.
2016-12-28 13:48:46,283 WARN [org.jasig.cas.authentication.handler.support.SimpleTestUsernamePasswordAuthenticationHandler] - org.jasig.cas.authentication.handler.support.SimpleTestUsernamePasswordAuthenticationHandler is only to be used in a testing environment.  NEVER enable this in a production environment.
2016-12-28 13:48:47,573 INFO [org.jasig.cas.util.AutowiringSchedulerFactoryBean] - Starting Quartz Scheduler now
2016-12-28 13:49:04,355 INFO [org.jasig.cas.web.flow.InitialFlowSetupAction] - Setting path for cookies to: /cas/
2016-12-28 13:49:04,355 INFO [org.jasig.cas.web.flow.InitialFlowSetupAction] - Setting path for cookies to: /cas/
2016-12-28 13:49:05,529 INFO [org.jasig.cas.ticket.registry.support.DefaultTicketRegistryCleaner] - Beginning ticket cleanup.
2016-12-28 13:49:05,530 INFO [org.jasig.cas.ticket.registry.support.DefaultTicketRegistryCleaner] - 0 tickets found to be removed.
2016-12-28 13:49:05,530 INFO [org.jasig.cas.ticket.registry.support.DefaultTicketRegistryCleaner] - Finished ticket cleanup.
2016-12-28 13:50:46,121 INFO [org.jasig.cas.services.DefaultServicesManagerImpl] - Reloading registered services.
2016-12-28 13:50:46,121 INFO [org.jasig.cas.services.DefaultServicesManagerImpl] - Loaded 1 services.
2016-12-28 13:52:46,119 INFO [org.jasig.cas.services.DefaultServicesManagerImpl] - Reloading registered services.
2016-12-28 13:52:46,119 INFO [org.jasig.cas.services.DefaultServicesManagerImpl] - Loaded 1 services.
2016-12-28 13:54:46,118 INFO [org.jasig.cas.services.DefaultServicesManagerImpl] - Reloading registered services.
2016-12-28 13:54:46,119 INFO [org.jasig.cas.services.DefaultServicesManagerImpl] - Loaded 1 services.
2016-12-28 13:56:46,119 INFO [org.jasig.cas.services.DefaultServicesManagerImpl] - Reloading registered services.
2016-12-28 13:56:46,120 INFO [org.jasig.cas.services.DefaultServicesManagerImpl] - Loaded 1 services.
2016-12-28 13:58:46,119 INFO [org.jasig.cas.services.DefaultServicesManagerImpl] - Reloading registered services.
2016-12-28 13:58:46,120 INFO [org.jasig.cas.services.DefaultServicesManagerImpl] - Loaded 1 services.
2016-12-28 14:00:46,119 INFO [org.jasig.cas.services.DefaultServicesManagerImpl] - Reloading registered services.
2016-12-28 14:00:46,120 INFO [org.jasig.cas.services.DefaultServicesManagerImpl] - Loaded 1 services.
2016-12-28 14:02:46,118 INFO [org.jasig.cas.services.DefaultServicesManagerImpl] - Reloading registered services.
2016-12-28 14:02:46,118 INFO [org.jasig.cas.services.DefaultServicesManagerImpl] - Loaded 1 services.
2016-12-28 14:04:46,119 INFO [org.jasig.cas.services.DefaultServicesManagerImpl] - Reloading registered services.
2016-12-28 14:04:46,119 INFO [org.jasig.cas.services.DefaultServicesManagerImpl] - Loaded 1 services.
2016-12-28 14:06:46,118 INFO [org.jasig.cas.services.DefaultServicesManagerImpl] - Reloading registered services.
2016-12-28 14:06:46,119 INFO [org.jasig.cas.services.DefaultServicesManagerImpl] - Loaded 1 services.
2016-12-28 14:08:46,118 INFO [org.jasig.cas.services.DefaultServicesManagerImpl] - Reloading registered services.
2016-12-28 14:08:46,119 INFO [org.jasig.cas.services.DefaultServicesManagerImpl] - Loaded 1 services.
2016-12-28 14:31:56,818 INFO [org.jasig.cas.services.DefaultServicesManagerImpl] - Loaded 1 services.
2016-12-28 14:31:57,009 WARN [org.jasig.cas.authentication.handler.support.SimpleTestUsernamePasswordAuthenticationHandler] - org.jasig.cas.authentication.handler.support.SimpleTestUsernamePasswordAuthenticationHandler is only to be used in a testing environment.  NEVER enable this in a production environment.
2016-12-28 14:31:58,350 INFO [org.jasig.cas.util.AutowiringSchedulerFactoryBean] - Starting Quartz Scheduler now
2016-12-28 14:32:16,300 INFO [org.jasig.cas.ticket.registry.support.DefaultTicketRegistryCleaner] - Beginning ticket cleanup.
2016-12-28 14:32:16,301 INFO [org.jasig.cas.ticket.registry.support.DefaultTicketRegistryCleaner] - 0 tickets found to be removed.
2016-12-28 14:32:16,301 INFO [org.jasig.cas.ticket.registry.support.DefaultTicketRegistryCleaner] - Finished ticket cleanup.
2016-12-28 14:33:56,899 INFO [org.jasig.cas.services.DefaultServicesManagerImpl] - Reloading registered services.
2016-12-28 14:33:56,899 INFO [org.jasig.cas.services.DefaultServicesManagerImpl] - Loaded 1 services.
2016-12-28 14:35:56,863 INFO [org.jasig.cas.services.DefaultServicesManagerImpl] - Reloading registered services.
2016-12-28 14:35:56,864 INFO [org.jasig.cas.services.DefaultServicesManagerImpl] - Loaded 1 services.
2016-12-28 14:37:56,862 INFO [org.jasig.cas.services.DefaultServicesManagerImpl] - Reloading registered services.
2016-12-28 14:37:56,862 INFO [org.jasig.cas.services.DefaultServicesManagerImpl] - Loaded 1 services.
2016-12-28 14:39:56,862 INFO [org.jasig.cas.services.DefaultServicesManagerImpl] - Reloading registered services.
2016-12-28 14:39:56,862 INFO [org.jasig.cas.services.DefaultServicesManagerImpl] - Loaded 1 services.
2016-12-28 14:41:56,862 INFO [org.jasig.cas.services.DefaultServicesManagerImpl] - Reloading registered services.
2016-12-28 14:41:56,863 INFO [org.jasig.cas.services.DefaultServicesManagerImpl] - Loaded 1 services.
2016-12-28 14:49:22,450 INFO [org.jasig.cas.services.DefaultServicesManagerImpl] - Loaded 1 services.
2016-12-28 14:49:22,695 WARN [org.jasig.cas.authentication.handler.support.SimpleTestUsernamePasswordAuthenticationHandler] - org.jasig.cas.authentication.handler.support.SimpleTestUsernamePasswordAuthenticationHandler is only to be used in a testing environment.  NEVER enable this in a production environment.
2016-12-28 14:49:24,121 INFO [org.jasig.cas.util.AutowiringSchedulerFactoryBean] - Starting Quartz Scheduler now
2016-12-28 14:49:41,822 INFO [org.jasig.cas.ticket.registry.support.DefaultTicketRegistryCleaner] - Beginning ticket cleanup.
2016-12-28 14:49:41,823 INFO [org.jasig.cas.ticket.registry.support.DefaultTicketRegistryCleaner] - 0 tickets found to be removed.
2016-12-28 14:49:41,823 INFO [org.jasig.cas.ticket.registry.support.DefaultTicketRegistryCleaner] - Finished ticket cleanup.
2016-12-28 14:50:16,914 INFO [org.jasig.cas.web.flow.InitialFlowSetupAction] - Setting path for cookies to: /cas/
2016-12-28 14:50:16,914 INFO [org.jasig.cas.web.flow.InitialFlowSetupAction] - Setting path for cookies to: /cas/
2016-12-28 14:50:31,891 INFO [org.jasig.cas.authentication.AuthenticationManagerImpl] - org.jasig.cas.authentication.handler.support.SimpleTestUsernamePasswordAuthenticationHandler successfully authenticated [username: admin]
2016-12-28 14:50:31,892 INFO [org.jasig.cas.authentication.AuthenticationManagerImpl] - Resolved principal admin
2016-12-28 14:50:31,892 INFO [org.jasig.cas.authentication.AuthenticationManagerImpl] - org.jasig.cas.authentication.handler.support.SimpleTestUsernamePasswordAuthenticationHandler@22c9be5f authenticated admin with credential [username: admin].
2016-12-28 14:50:31,899 INFO [com.github.inspektr.audit.support.Slf4jLoggingAuditTrailManager] - Audit trail record BEGIN
=============================================================
WHO: [username: admin]
WHAT: supplied credentials: [username: admin]
ACTION: AUTHENTICATION_SUCCESS
APPLICATION: CAS
WHEN: Wed Dec 28 14:50:31 CST 2016
CLIENT IP ADDRESS: 0:0:0:0:0:0:0:1
SERVER IP ADDRESS: 0:0:0:0:0:0:0:1
=============================================================


2016-12-28 14:50:31,904 INFO [com.github.inspektr.audit.support.Slf4jLoggingAuditTrailManager] - Audit trail record BEGIN
=============================================================
WHO: [username: admin]
WHAT: TGT-1-EdoEN0AAciLBDafHhukGUdbUWeLdqg7ogCo2iZSiec21qvec3i-cas01.example.org
ACTION: TICKET_GRANTING_TICKET_CREATED
APPLICATION: CAS
WHEN: Wed Dec 28 14:50:31 CST 2016
CLIENT IP ADDRESS: 0:0:0:0:0:0:0:1
SERVER IP ADDRESS: 0:0:0:0:0:0:0:1
=============================================================


2016-12-28 14:50:31,909 INFO [org.jasig.cas.CentralAuthenticationServiceImpl] - Granted service ticket [ST-1-xM6OaMkYxFUiFane9gCD-cas01.example.org] for service [http://localhost:8098/casclient/] for user [admin]
2016-12-28 14:50:31,909 INFO [com.github.inspektr.audit.support.Slf4jLoggingAuditTrailManager] - Audit trail record BEGIN
=============================================================
WHO: admin
WHAT: ST-1-xM6OaMkYxFUiFane9gCD-cas01.example.org for http://localhost:8098/casclient/
ACTION: SERVICE_TICKET_CREATED
APPLICATION: CAS
WHEN: Wed Dec 28 14:50:31 CST 2016
CLIENT IP ADDRESS: 0:0:0:0:0:0:0:1
SERVER IP ADDRESS: 0:0:0:0:0:0:0:1
=============================================================


2016-12-28 14:50:31,951 INFO [com.github.inspektr.audit.support.Slf4jLoggingAuditTrailManager] - Audit trail record BEGIN
=============================================================
WHO: audit:unknown
WHAT: ST-1-xM6OaMkYxFUiFane9gCD-cas01.example.org
ACTION: SERVICE_TICKET_VALIDATED
APPLICATION: CAS
WHEN: Wed Dec 28 14:50:31 CST 2016
CLIENT IP ADDRESS: 127.0.0.1
SERVER IP ADDRESS: 127.0.0.1
=============================================================


2016-12-28 14:51:22,506 INFO [org.jasig.cas.services.DefaultServicesManagerImpl] - Reloading registered services.
2016-12-28 14:51:22,506 INFO [org.jasig.cas.services.DefaultServicesManagerImpl] - Loaded 1 services.
2016-12-28 14:53:22,504 INFO [org.jasig.cas.services.DefaultServicesManagerImpl] - Reloading registered services.
2016-12-28 14:53:22,504 INFO [org.jasig.cas.services.DefaultServicesManagerImpl] - Loaded 1 services.
